<?xml version="1.0" encoding="UTF-8"?>
<!-- Generated by org.testng.reporters.JUnitReportReporter -->
<testsuite hostname="TPG-LAP-0006" failures="0" tests="1" name="com.qa.corporate.tests.ContactPageTest" time="128.751" errors="0" timestamp="2023-08-20T12:58:05 GMT-05:00" skipped="0">
  <testcase classname="com.qa.corporate.tests.ContactPageTest" name="testContactUsPage" time="128.751"/>
</testsuite> <!-- com.qa.corporate.tests.ContactPageTest -->
