<?xml version="1.0" encoding="UTF-8"?>
<!-- Generated by org.testng.reporters.JUnitReportReporter -->
<testsuite hostname="TPG-LAP-0006" failures="0" tests="1" name="com.qa.powerplay.tests.LoginTest" time="36.576" errors="0" timestamp="2023-07-30T19:59:27 GMT-05:00" skipped="0">
  <testcase classname="com.qa.powerplay.tests.LoginTest" name="testLogin" time="36.576"/>
</testsuite> <!-- com.qa.powerplay.tests.LoginTest -->
