<?xml version="1.0" encoding="UTF-8"?>
<!-- Generated by org.testng.reporters.JUnitReportReporter -->
<testsuite hostname="TPG-LAP-0006" failures="0" tests="1" name="com.qa.corporate.tests.ContactPageTest" time="406.931" errors="0" timestamp="2023-08-19T14:02:55 GMT-05:00" skipped="0">
  <testcase classname="com.qa.corporate.tests.ContactPageTest" name="testContactUsPage" time="406.931"/>
</testsuite> <!-- com.qa.corporate.tests.ContactPageTest -->
